<?xml version="1.0" encoding="UTF-8"?>
<testsuite xmlns:xsi="http://www.w3.org/2001/XMLSchema-instance" xsi:noNamespaceSchemaLocation="https://maven.apache.org/surefire/maven-surefire-plugin/xsd/surefire-test-report.xsd" name="org.jrue.tutorials.CucumberRunnerTest" time="0.966" tests="4" errors="0" skipped="4" failures="0">
  <properties>
[...]
</properties>
  <testcase name="EMPTY_NAME" classname="CRUD for Book resource" time="0">
    <skipped message="The step &quot;I have a book dao&quot; is undefined"/>
    <system-out><![CDATA[&amp#27;[33mU&amp#27;[0m&amp#27;[36m-&amp#27;[0m&amp#27;[33mU&amp#27;[0m]]></system-out>
  </testcase>
  <testcase name="EMPTY_NAME" classname="CRUD for Book resource" time="0">
    <skipped message="The step &quot;&quot;Java8 in Action&quot; will be available in the list of books&quot; is undefined"/>
  </testcase>
  <testcase name="EMPTY_NAME" classname="CRUD for Book resource" time="0">
    <skipped message="The step &quot;I have a book dao&quot; is undefined"/>
    <system-out><![CDATA[&amp#27;[33mU&amp#27;[0m&amp#27;[36m-&amp#27;[0m&amp#27;[33mU&amp#27;[0m]]></system-out>
  </testcase>
  <testcase name="EMPTY_NAME" classname="CRUD for Book resource" time="0">
    <skipped message="The step &quot;&quot;Spring in Action&quot; will be available in the list of books&quot; is undefined"/>
  </testcase>
</testsuite>